@storybook/cli v7.4.2

info => Cleaning outputDir: /var/folders/jj/qczk8j_j0p3dtkn9jj8k28z40000gn/T/chromatic--78014-efQ5X722mzpm
info => Loading presets
info => Building manager..
info => Manager built (124 ms)
info => Copying static files: /Users/bagsangmin/Desktop/personal/sono-repo/node_modules/@storybook/manager/static at /var/folders/jj/qczk8j_j0p3dtkn9jj8k28z40000gn/T/chromatic--78014-efQ5X722mzpm/sb-common-assets
WARN No story files found for the specified pattern: src/**/*.mdx
vite v4.4.9 building for production...

./sb-common-assets/fonts.css doesn't exist at build time, it will remain unchanged to be resolved at runtime
transforming...
../../node_modules/telejson/dist/index.mjs (1413:15) Use of eval in "../../node_modules/telejson/dist/index.mjs" is strongly discouraged as it poses security risks and may cause issues with minification.
../../node_modules/telejson/dist/index.mjs (1416:18) Use of eval in "../../node_modules/telejson/dist/index.mjs" is strongly discouraged as it poses security risks and may cause issues with minification.
✓ 576 modules transformed.
rendering chunks...
computing gzip size...
../../../../../../../var/folders/jj/qczk8j_j0p3dtkn9jj8k28z40000gn/T/chromatic--78014-efQ5X722mzpm/iframe.html                                          12.71 kB │ gzip:   3.57 kB
../../../../../../../var/folders/jj/qczk8j_j0p3dtkn9jj8k28z40000gn/T/chromatic--78014-efQ5X722mzpm/assets/chip.stories-22b22e5b.css                     10.32 kB │ gzip:   2.75 kB
../../../../../../../var/folders/jj/qczk8j_j0p3dtkn9jj8k28z40000gn/T/chromatic--78014-efQ5X722mzpm/assets/WithTooltip-J57HCPYA-3e782a60.js               0.40 kB │ gzip:   0.26 kB │ map:     0.11 kB
../../../../../../../var/folders/jj/qczk8j_j0p3dtkn9jj8k28z40000gn/T/chromatic--78014-efQ5X722mzpm/assets/syntaxhighlighter-PONEFOSF-002e8d62.js         0.42 kB │ gzip:   0.28 kB │ map:     0.12 kB
../../../../../../../var/folders/jj/qczk8j_j0p3dtkn9jj8k28z40000gn/T/chromatic--78014-efQ5X722mzpm/assets/preview-2c2726a5.js                            0.53 kB │ gzip:   0.34 kB │ map:     0.53 kB
../../../../../../../var/folders/jj/qczk8j_j0p3dtkn9jj8k28z40000gn/T/chromatic--78014-efQ5X722mzpm/assets/react-18-97b0625c.js                           0.60 kB │ gzip:   0.39 kB │ map:     2.64 kB
../../../../../../../var/folders/jj/qczk8j_j0p3dtkn9jj8k28z40000gn/T/chromatic--78014-efQ5X722mzpm/assets/index-3fd0d1ea.js                              0.62 kB │ gzip:   0.38 kB │ map:     4.29 kB
../../../../../../../var/folders/jj/qczk8j_j0p3dtkn9jj8k28z40000gn/T/chromatic--78014-efQ5X722mzpm/assets/preview-87eac49b.js                            0.68 kB │ gzip:   0.48 kB │ map:     3.93 kB
../../../../../../../var/folders/jj/qczk8j_j0p3dtkn9jj8k28z40000gn/T/chromatic--78014-efQ5X722mzpm/assets/preview-a13d53fe.js                            0.72 kB │ gzip:   0.44 kB │ map:     1.44 kB
../../../../../../../var/folders/jj/qczk8j_j0p3dtkn9jj8k28z40000gn/T/chromatic--78014-efQ5X722mzpm/assets/_commonjsHelpers-de833af9.js                   0.75 kB │ gzip:   0.43 kB │ map:     0.11 kB
../../../../../../../var/folders/jj/qczk8j_j0p3dtkn9jj8k28z40000gn/T/chromatic--78014-efQ5X722mzpm/assets/index-356e4a49.js                              0.81 kB │ gzip:   0.51 kB │ map:     3.27 kB
../../../../../../../var/folders/jj/qczk8j_j0p3dtkn9jj8k28z40000gn/T/chromatic--78014-efQ5X722mzpm/assets/preview-b3c37142.js                            0.90 kB │ gzip:   0.59 kB │ map:     2.99 kB
../../../../../../../var/folders/jj/qczk8j_j0p3dtkn9jj8k28z40000gn/T/chromatic--78014-efQ5X722mzpm/assets/jsx-runtime-03b4ddbf.js                        1.02 kB │ gzip:   0.64 kB │ map:     2.32 kB
../../../../../../../var/folders/jj/qczk8j_j0p3dtkn9jj8k28z40000gn/T/chromatic--78014-efQ5X722mzpm/assets/DocsRenderer-3PUGWF3O-71e509bd.js              1.24 kB │ gzip:   0.68 kB │ map:     2.59 kB
../../../../../../../var/folders/jj/qczk8j_j0p3dtkn9jj8k28z40000gn/T/chromatic--78014-efQ5X722mzpm/assets/preview-bed967c6.js                            2.38 kB │ gzip:   1.24 kB │ map:    11.04 kB
../../../../../../../var/folders/jj/qczk8j_j0p3dtkn9jj8k28z40000gn/T/chromatic--78014-efQ5X722mzpm/assets/index-d37d4223.js                              2.63 kB │ gzip:   1.30 kB │ map:     7.49 kB
../../../../../../../var/folders/jj/qczk8j_j0p3dtkn9jj8k28z40000gn/T/chromatic--78014-efQ5X722mzpm/assets/chip.stories-530523ac.js                       2.85 kB │ gzip:   1.45 kB │ map:     3.70 kB
../../../../../../../var/folders/jj/qczk8j_j0p3dtkn9jj8k28z40000gn/T/chromatic--78014-efQ5X722mzpm/assets/preview-15309724.js                            3.22 kB │ gzip:   1.39 kB │ map:    10.26 kB
../../../../../../../var/folders/jj/qczk8j_j0p3dtkn9jj8k28z40000gn/T/chromatic--78014-efQ5X722mzpm/assets/iframe-3f3b4cd9.js                             3.92 kB │ gzip:   1.60 kB │ map:     4.87 kB
../../../../../../../var/folders/jj/qczk8j_j0p3dtkn9jj8k28z40000gn/T/chromatic--78014-efQ5X722mzpm/assets/index-76fb7be0.js                              7.21 kB │ gzip:   2.95 kB │ map:    15.73 kB
../../../../../../../var/folders/jj/qczk8j_j0p3dtkn9jj8k28z40000gn/T/chromatic--78014-efQ5X722mzpm/assets/preview-b8d6c68d.js                            7.67 kB │ gzip:   1.59 kB │ map:    14.24 kB
../../../../../../../var/folders/jj/qczk8j_j0p3dtkn9jj8k28z40000gn/T/chromatic--78014-efQ5X722mzpm/assets/preview-2059b184.js                            8.32 kB │ gzip:   3.20 kB │ map:    29.45 kB
../../../../../../../var/folders/jj/qczk8j_j0p3dtkn9jj8k28z40000gn/T/chromatic--78014-efQ5X722mzpm/assets/GlobalScrollAreaStyles-UY5SB7EJ-04f0933e.js   15.00 kB │ gzip:   2.79 kB │ map:    21.43 kB
../../../../../../../var/folders/jj/qczk8j_j0p3dtkn9jj8k28z40000gn/T/chromatic--78014-efQ5X722mzpm/assets/preview-6751e51d.js                           21.12 kB │ gzip:   7.00 kB │ map:    68.37 kB
../../../../../../../var/folders/jj/qczk8j_j0p3dtkn9jj8k28z40000gn/T/chromatic--78014-efQ5X722mzpm/assets/OverlayScrollbars-GZGLA7DL-14afcb95.js        28.95 kB │ gzip:  14.20 kB │ map:   108.15 kB
../../../../../../../var/folders/jj/qczk8j_j0p3dtkn9jj8k28z40000gn/T/chromatic--78014-efQ5X722mzpm/assets/Color-6VNJS4EI-0bccba54.js                    31.01 kB │ gzip:  11.63 kB │ map:   112.76 kB
../../../../../../../var/folders/jj/qczk8j_j0p3dtkn9jj8k28z40000gn/T/chromatic--78014-efQ5X722mzpm/assets/_getPrototype-365eca09.js                    212.56 kB │ gzip:  66.45 kB │ map:   654.08 kB
../../../../../../../var/folders/jj/qczk8j_j0p3dtkn9jj8k28z40000gn/T/chromatic--78014-efQ5X722mzpm/assets/config-1d997ec1.js                           214.20 kB │ gzip:  66.76 kB │ map:   807.65 kB
../../../../../../../var/folders/jj/qczk8j_j0p3dtkn9jj8k28z40000gn/T/chromatic--78014-efQ5X722mzpm/assets/index-79dd52f7.js                            516.80 kB │ gzip: 169.22 kB │ map: 1,484.36 kB
../../../../../../../var/folders/jj/qczk8j_j0p3dtkn9jj8k28z40000gn/T/chromatic--78014-efQ5X722mzpm/assets/formatter-SWP5E3XI-785ef0ba.js               601.60 kB │ gzip: 185.02 kB │ map: 1,318.60 kB

(!) Some chunks are larger than 500 kBs after minification. Consider:
- Using dynamic import() to code-split the application
- Use build.rollupOptions.output.manualChunks to improve chunking: https://rollupjs.org/configuration-options/#output-manualchunks
- Adjust chunk size limit for this warning via build.chunkSizeWarningLimit.
✓ built in 8.60s
info => Output directory: /var/folders/jj/qczk8j_j0p3dtkn9jj8k28z40000gn/T/chromatic--78014-efQ5X722mzpm
